# JRE version: OpenJDK Runtime Environment (11.0.11+9) (build 11.0.11+9-b60-7590822)
# Java VM: OpenJDK 64-Bit Server VM (11.0.11+9-b60-7590822, mixed mode, tiered, compressed oops, g1 gc, windows-amd64)
Heap:
 garbage-first heap   total 131072K, used 41544K [0x00000000a0000000, 0x0000000100000000)
  region size 1024K, 20 young (20480K), 8 survivors (8192K)
 Metaspace       used 44743K, capacity 45787K, committed 45824K, reserved 1089536K
  class space    used 5710K, capacity 6120K, committed 6144K, reserved 1048576K
GC Heap History (20 events):
Event: 1.266 GC heap before
{Heap before GC invocations=0 (full 0):
 garbage-first heap   total 131072K, used 19456K [0x00000000a0000000, 0x0000000100000000)
  region size 1024K, 14 young (14336K), 0 survivors (0K)
 Metaspace       used 7500K, capacity 7743K, committed 7936K, reserved 1056768K
  class space    used 689K, capacity 748K, committed 768K, reserved 1048576K
}
Event: 1.274 GC heap after
{Heap after GC invocations=1 (full 0):
 garbage-first heap   total 131072K, used 7666K [0x00000000a0000000, 0x0000000100000000)
  region size 1024K, 2 young (2048K), 2 survivors (2048K)
 Metaspace       used 7500K, capacity 7743K, committed 7936K, reserved 1056768K
  class space    used 689K, capacity 748K, committed 768K, reserved 1048576K
}
Event: 1.811 GC heap before
{Heap before GC invocations=1 (full 0):
 garbage-first heap   total 131072K, used 18930K [0x00000000a0000000, 0x0000000100000000)
  region size 1024K, 13 young (13312K), 2 survivors (2048K)
 Metaspace       used 10836K, capacity 11021K, committed 11264K, reserved 1058816K
  class space    used 1145K, capacity 1203K, committed 1280K, reserved 1048576K
}
Event: 1.815 GC heap after
{Heap after GC invocations=2 (full 0):
 garbage-first heap   total 131072K, used 8867K [0x00000000a0000000, 0x0000000100000000)
  region size 1024K, 1 young (1024K), 1 survivors (1024K)
 Metaspace       used 10836K, capacity 11021K, committed 11264K, reserved 1058816K
  class space    used 1145K, capacity 1203K, committed 1280K, reserved 1048576K
}
Event: 2.863 GC heap before
{Heap before GC invocations=2 (full 0):
 garbage-first heap   total 131072K, used 33443K [0x00000000a0000000, 0x0000000100000000)
  region size 1024K, 26 young (26624K), 1 survivors (1024K)
 Metaspace       used 10992K, capacity 11150K, committed 11264K, reserved 1058816K
  class space    used 1145K, capacity 1203K, committed 1280K, reserved 1048576K
}
Event: 2.868 GC heap after
{Heap after GC invocations=3 (full 0):
 garbage-first heap   total 131072K, used 12009K [0x00000000a0000000, 0x0000000100000000)
  region size 1024K, 4 young (4096K), 4 survivors (4096K)
 Metaspace       used 10992K, capacity 11150K, committed 11264K, reserved 1058816K
  class space    used 1145K, capacity 1203K, committed 1280K, reserved 1048576K
}
Event: 5.909 GC heap before
{Heap before GC invocations=3 (full 0):
 garbage-first heap   total 131072K, used 49897K [0x00000000a0000000, 0x0000000100000000)
  region size 1024K, 41 young (41984K), 4 survivors (4096K)
 Metaspace       used 17385K, capacity 17690K, committed 17920K, reserved 1064960K
  class space    used 2064K, capacity 2177K, committed 2304K, reserved 1048576K
}
Event: 5.920 GC heap after
{Heap after GC invocations=4 (full 0):
 garbage-first heap   total 131072K, used 15527K [0x00000000a0000000, 0x0000000100000000)
  region size 1024K, 6 young (6144K), 6 survivors (6144K)
 Metaspace       used 17385K, capacity 17690K, committed 17920K, reserved 1064960K
  class space    used 2064K, capacity 2177K, committed 2304K, reserved 1048576K
}
Event: 6.439 GC heap before
{Heap before GC invocations=4 (full 0):
 garbage-first heap   total 131072K, used 34983K [0x00000000a0000000, 0x0000000100000000)
  region size 1024K, 26 young (26624K), 6 survivors (6144K)
 Metaspace       used 20578K, capacity 21075K, committed 21248K, reserved 1067008K
  class space    used 2521K, capacity 2693K, committed 2816K, reserved 1048576K
}
Event: 6.447 GC heap after
{Heap after GC invocations=5 (full 0):
 garbage-first heap   total 131072K, used 16200K [0x00000000a0000000, 0x0000000100000000)
  region size 1024K, 4 young (4096K), 4 survivors (4096K)
 Metaspace       used 20578K, capacity 21075K, committed 21248K, reserved 1067008K
  class space    used 2521K, capacity 2693K, committed 2816K, reserved 1048576K
}
Event: 7.541 GC heap before
{Heap before GC invocations=6 (full 0):
 garbage-first heap   total 131072K, used 61256K [0x00000000a0000000, 0x0000000100000000)
  region size 1024K, 49 young (50176K), 4 survivors (4096K)
 Metaspace       used 25753K, capacity 26252K, committed 26368K, reserved 1073152K
  class space    used 3349K, capacity 3549K, committed 3584K, reserved 1048576K
}
Event: 7.550 GC heap after
{Heap after GC invocations=7 (full 0):
 garbage-first heap   total 131072K, used 17907K [0x00000000a0000000, 0x0000000100000000)
  region size 1024K, 6 young (6144K), 6 survivors (6144K)
 Metaspace       used 25753K, capacity 26252K, committed 26368K, reserved 1073152K
  class space    used 3349K, capacity 3549K, committed 3584K, reserved 1048576K
}
Event: 9.962 GC heap before
{Heap before GC invocations=7 (full 0):
 garbage-first heap   total 131072K, used 71155K [0x00000000a0000000, 0x0000000100000000)
  region size 1024K, 58 young (59392K), 6 survivors (6144K)
 Metaspace       used 34871K, capacity 35477K, committed 35584K, reserved 1079296K
  class space    used 4516K, capacity 4773K, committed 4864K, reserved 1048576K
}
Event: 9.975 GC heap after
{Heap after GC invocations=8 (full 0):
 garbage-first heap   total 131072K, used 21633K [0x00000000a0000000, 0x0000000100000000)
  region size 1024K, 7 young (7168K), 7 survivors (7168K)
 Metaspace       used 34871K, capacity 35477K, committed 35584K, reserved 1079296K
  class space    used 4516K, capacity 4773K, committed 4864K, reserved 1048576K
}
Event: 10.005 GC heap before
{Heap before GC invocations=8 (full 0):
 garbage-first heap   total 131072K, used 24705K [0x00000000a0000000, 0x0000000100000000)
  region size 1024K, 9 young (9216K), 7 survivors (7168K)
 Metaspace       used 35137K, capacity 35739K, committed 35840K, reserved 1081344K
  class space    used 4519K, capacity 4775K, committed 4864K, reserved 1048576K
}
Event: 10.018 GC heap after
{Heap after GC invocations=9 (full 0):
 garbage-first heap   total 131072K, used 23953K [0x00000000a0000000, 0x0000000100000000)
  region size 1024K, 4 young (4096K), 4 survivors (4096K)
 Metaspace       used 35137K, capacity 35739K, committed 35840K, reserved 1081344K
  class space    used 4519K, capacity 4775K, committed 4864K, reserved 1048576K
}
Event: 12.707 GC heap before
{Heap before GC invocations=10 (full 0):
 garbage-first heap   total 131072K, used 88465K [0x00000000a0000000, 0x0000000100000000)
  region size 1024K, 67 young (68608K), 4 survivors (4096K)
 Metaspace       used 40879K, capacity 41747K, committed 41984K, reserved 1085440K
  class space    used 5215K, capacity 5528K, committed 5632K, reserved 1048576K
}
Event: 12.733 GC heap after
{Heap after GC invocations=11 (full 0):
 garbage-first heap   total 131072K, used 26203K [0x00000000a0000000, 0x0000000100000000)
  region size 1024K, 9 young (9216K), 9 survivors (9216K)
 Metaspace       used 40879K, capacity 41747K, committed 41984K, reserved 1085440K
  class space    used 5215K, capacity 5528K, committed 5632K, reserved 1048576K
}
Event: 15.227 GC heap before
{Heap before GC invocations=12 (full 0):
 garbage-first heap   total 131072K, used 90715K [0x00000000a0000000, 0x0000000100000000)
  region size 1024K, 72 young (73728K), 9 survivors (9216K)
 Metaspace       used 44319K, capacity 45242K, committed 45440K, reserved 1089536K
  class space    used 5660K, capacity 6015K, committed 6016K, reserved 1048576K
}
Event: 15.246 GC heap after
{Heap after GC invocations=13 (full 0):
 garbage-first heap   total 131072K, used 29256K [0x00000000a0000000, 0x0000000100000000)
  region size 1024K, 8 young (8192K), 8 survivors (8192K)
 Metaspace       used 44319K, capacity 45242K, committed 45440K, reserved 1089536K
  class space    used 5660K, capacity 6015K, committed 6016K, reserved 1048576K
}

