# JRE version: OpenJDK Runtime Environment (11.0.11+9) (build 11.0.11+9-b60-7590822)
# Java VM: OpenJDK 64-Bit Server VM (11.0.11+9-b60-7590822, mixed mode, tiered, compressed oops, g1 gc, windows-amd64)
Heap:
 garbage-first heap   total 131072K, used 78991K [0x00000000a0000000, 0x0000000100000000)
  region size 1024K, 29 young (29696K), 5 survivors (5120K)
 Metaspace       used 43882K, capacity 44772K, committed 44924K, reserved 1089536K
  class space    used 5473K, capacity 5840K, committed 5888K, reserved 1048576K
GC Heap History (20 events):
Event: 11.755 GC heap before
{Heap before GC invocations=8 (full 0):
 garbage-first heap   total 131072K, used 36936K [0x00000000a0000000, 0x0000000100000000)
  region size 1024K, 14 young (14336K), 9 survivors (9216K)
 Metaspace       used 34839K, capacity 35610K, committed 35708K, reserved 1081344K
  class space    used 4501K, capacity 4790K, committed 4864K, reserved 1048576K
}
Event: 11.771 GC heap after
{Heap after GC invocations=9 (full 0):
 garbage-first heap   total 131072K, used 34517K [0x00000000a0000000, 0x0000000100000000)
  region size 1024K, 2 young (2048K), 2 survivors (2048K)
 Metaspace       used 34839K, capacity 35610K, committed 35708K, reserved 1081344K
  class space    used 4501K, capacity 4790K, committed 4864K, reserved 1048576K
}
Event: 14.721 GC heap before
{Heap before GC invocations=10 (full 0):
 garbage-first heap   total 131072K, used 86741K [0x00000000a0000000, 0x0000000100000000)
  region size 1024K, 51 young (52224K), 2 survivors (2048K)
 Metaspace       used 42942K, capacity 43848K, committed 44028K, reserved 1087488K
  class space    used 5388K, capacity 5723K, committed 5760K, reserved 1048576K
}
Event: 14.734 GC heap after
{Heap after GC invocations=11 (full 0):
 garbage-first heap   total 131072K, used 38046K [0x00000000a0000000, 0x0000000100000000)
  region size 1024K, 5 young (5120K), 5 survivors (5120K)
 Metaspace       used 42942K, capacity 43848K, committed 44028K, reserved 1087488K
  class space    used 5388K, capacity 5723K, committed 5760K, reserved 1048576K
}
Event: 16.716 GC heap before
{Heap before GC invocations=11 (full 0):
 garbage-first heap   total 131072K, used 94366K [0x00000000a0000000, 0x0000000100000000)
  region size 1024K, 55 young (56320K), 5 survivors (5120K)
 Metaspace       used 43839K, capacity 44769K, committed 44924K, reserved 1089536K
  class space    used 5472K, capacity 5840K, committed 5888K, reserved 1048576K
}
Event: 16.726 GC heap after
{Heap after GC invocations=12 (full 0):
 garbage-first heap   total 131072K, used 45195K [0x00000000a0000000, 0x0000000100000000)
  region size 1024K, 3 young (3072K), 3 survivors (3072K)
 Metaspace       used 43839K, capacity 44769K, committed 44924K, reserved 1089536K
  class space    used 5472K, capacity 5840K, committed 5888K, reserved 1048576K
}
Event: 17.977 GC heap before
{Heap before GC invocations=12 (full 0):
 garbage-first heap   total 131072K, used 94347K [0x00000000a0000000, 0x0000000100000000)
  region size 1024K, 52 young (53248K), 3 survivors (3072K)
 Metaspace       used 43853K, capacity 44769K, committed 44924K, reserved 1089536K
  class space    used 5472K, capacity 5840K, committed 5888K, reserved 1048576K
}
Event: 17.981 GC heap after
{Heap after GC invocations=13 (full 0):
 garbage-first heap   total 131072K, used 45862K [0x00000000a0000000, 0x0000000100000000)
  region size 1024K, 4 young (4096K), 4 survivors (4096K)
 Metaspace       used 43853K, capacity 44769K, committed 44924K, reserved 1089536K
  class space    used 5472K, capacity 5840K, committed 5888K, reserved 1048576K
}
Event: 18.533 GC heap before
{Heap before GC invocations=13 (full 0):
 garbage-first heap   total 131072K, used 96038K [0x00000000a0000000, 0x0000000100000000)
  region size 1024K, 54 young (55296K), 4 survivors (4096K)
 Metaspace       used 43854K, capacity 44769K, committed 44924K, reserved 1089536K
  class space    used 5472K, capacity 5840K, committed 5888K, reserved 1048576K
}
Event: 18.538 GC heap after
{Heap after GC invocations=14 (full 0):
 garbage-first heap   total 131072K, used 48548K [0x00000000a0000000, 0x0000000100000000)
  region size 1024K, 6 young (6144K), 6 survivors (6144K)
 Metaspace       used 43854K, capacity 44769K, committed 44924K, reserved 1089536K
  class space    used 5472K, capacity 5840K, committed 5888K, reserved 1048576K
}
Event: 18.926 GC heap before
{Heap before GC invocations=14 (full 0):
 garbage-first heap   total 131072K, used 98724K [0x00000000a0000000, 0x0000000100000000)
  region size 1024K, 55 young (56320K), 6 survivors (6144K)
 Metaspace       used 43858K, capacity 44769K, committed 44924K, reserved 1089536K
  class space    used 5472K, capacity 5840K, committed 5888K, reserved 1048576K
}
Event: 18.929 GC heap after
{Heap after GC invocations=15 (full 0):
 garbage-first heap   total 131072K, used 48745K [0x00000000a0000000, 0x0000000100000000)
  region size 1024K, 5 young (5120K), 5 survivors (5120K)
 Metaspace       used 43858K, capacity 44769K, committed 44924K, reserved 1089536K
  class space    used 5472K, capacity 5840K, committed 5888K, reserved 1048576K
}
Event: 19.501 GC heap before
{Heap before GC invocations=15 (full 0):
 garbage-first heap   total 131072K, used 99945K [0x00000000a0000000, 0x0000000100000000)
  region size 1024K, 55 young (56320K), 5 survivors (5120K)
 Metaspace       used 43858K, capacity 44769K, committed 44924K, reserved 1089536K
  class space    used 5472K, capacity 5840K, committed 5888K, reserved 1048576K
}
Event: 19.509 GC heap after
{Heap after GC invocations=16 (full 0):
 garbage-first heap   total 131072K, used 48984K [0x00000000a0000000, 0x0000000100000000)
  region size 1024K, 5 young (5120K), 5 survivors (5120K)
 Metaspace       used 43858K, capacity 44769K, committed 44924K, reserved 1089536K
  class space    used 5472K, capacity 5840K, committed 5888K, reserved 1048576K
}
Event: 20.201 GC heap before
{Heap before GC invocations=16 (full 0):
 garbage-first heap   total 131072K, used 100184K [0x00000000a0000000, 0x0000000100000000)
  region size 1024K, 55 young (56320K), 5 survivors (5120K)
 Metaspace       used 43869K, capacity 44772K, committed 44924K, reserved 1089536K
  class space    used 5472K, capacity 5840K, committed 5888K, reserved 1048576K
}
Event: 20.206 GC heap after
{Heap after GC invocations=17 (full 0):
 garbage-first heap   total 131072K, used 49799K [0x00000000a0000000, 0x0000000100000000)
  region size 1024K, 5 young (5120K), 5 survivors (5120K)
 Metaspace       used 43869K, capacity 44772K, committed 44924K, reserved 1089536K
  class space    used 5472K, capacity 5840K, committed 5888K, reserved 1048576K
}
Event: 21.152 GC heap before
{Heap before GC invocations=17 (full 0):
 garbage-first heap   total 131072K, used 103047K [0x00000000a0000000, 0x0000000100000000)
  region size 1024K, 56 young (57344K), 5 survivors (5120K)
 Metaspace       used 43870K, capacity 44772K, committed 44924K, reserved 1089536K
  class space    used 5472K, capacity 5840K, committed 5888K, reserved 1048576K
}
Event: 21.164 GC heap after
{Heap after GC invocations=18 (full 0):
 garbage-first heap   total 131072K, used 52576K [0x00000000a0000000, 0x0000000100000000)
  region size 1024K, 7 young (7168K), 7 survivors (7168K)
 Metaspace       used 43870K, capacity 44772K, committed 44924K, reserved 1089536K
  class space    used 5472K, capacity 5840K, committed 5888K, reserved 1048576K
}
Event: 22.242 GC heap before
{Heap before GC invocations=18 (full 0):
 garbage-first heap   total 131072K, used 101728K [0x00000000a0000000, 0x0000000100000000)
  region size 1024K, 55 young (56320K), 7 survivors (7168K)
 Metaspace       used 43878K, capacity 44772K, committed 44924K, reserved 1089536K
  class space    used 5472K, capacity 5840K, committed 5888K, reserved 1048576K
}
Event: 22.253 GC heap after
{Heap after GC invocations=19 (full 0):
 garbage-first heap   total 131072K, used 55439K [0x00000000a0000000, 0x0000000100000000)
  region size 1024K, 5 young (5120K), 5 survivors (5120K)
 Metaspace       used 43878K, capacity 44772K, committed 44924K, reserved 1089536K
  class space    used 5472K, capacity 5840K, committed 5888K, reserved 1048576K
}

